
Showing logs for build [32mbounties-network-standardbounti-5k72g-2[0m stage [32mmeta-pipeline[0m and container [32mstep-credential-initializer-4pd6m[0m
{"level":"warn","ts":1569341031.000062,"logger":"fallback-logger","caller":"logging/config.go:69","msg":"Fetch GitHub commit ID from kodata failed: \"ref: refs/heads/master\" is not a valid GitHub commit ID"}
{"level":"info","ts":1569341031.0004976,"logger":"fallback-logger","caller":"creds-init/main.go:40","msg":"Credentials initialized."}

Showing logs for build [32mbounties-network-standardbounti-5k72g-2[0m stage [32mmeta-pipeline[0m and container [32mstep-working-dir-initializer-ftwtf[0m
{"level":"warn","ts":1569341032.2514598,"logger":"fallback-logger","caller":"logging/config.go:69","msg":"Fetch GitHub commit ID from kodata failed: open /var/run/ko/HEAD: no such file or directory"}
{"level":"info","ts":1569341032.254836,"logger":"fallback-logger","caller":"bash/main.go:65","msg":"Successfully executed command \"mkdir -p /workspace/source\""}

Showing logs for build [32mbounties-network-standardbounti-5k72g-2[0m stage [32mmeta-pipeline[0m and container [32mstep-place-tools[0m

Showing logs for build [32mbounties-network-standardbounti-5k72g-2[0m stage [32mmeta-pipeline[0m and container [32mstep-git-source-meta-bounties-network-standardb-gb6kt[0m
{"level":"warn","ts":1569341037.3605309,"logger":"fallback-logger","caller":"logging/config.go:69","msg":"Fetch GitHub commit ID from kodata failed: \"ref: refs/heads/master\" is not a valid GitHub commit ID"}
{"level":"info","ts":1569341037.8750327,"logger":"fallback-logger","caller":"git/git.go:102","msg":"Successfully cloned https://github.com/Bounties-Network/standardbounties-relayer.git @ 27bb02d449aa3bde46c7cc5dbe472ea49c92d064 in path /workspace/source"}

Showing logs for build [32mbounties-network-standardbounti-5k72g-2[0m stage [32mmeta-pipeline[0m and container [32mstep-git-merge[0m
Using SHAs from PULL_REFS=master:27bb02d449aa3bde46c7cc5dbe472ea49c92d064,1:d6b3da4bc98381136c0d95f65662241575d5abcd
DEBUG: ran git fetch --unshallow origin d6b3da4bc98381136c0d95f65662241575d5abcd: 27bb02d449aa3bde46c7cc5dbe472ea49c92d064: in 
DEBUG: ran git checkout master in 
DEBUG: ran git reset --hard 27bb02d449aa3bde46c7cc5dbe472ea49c92d064 in 
DEBUG: ran clean --force -d . in 
DEBUG: ran git merge d6b3da4bc98381136c0d95f65662241575d5abcd in 
Merged SHA d6b3da4bc98381136c0d95f65662241575d5abcd with commit message 'Fix requirements.yaml' into base branch master
Merged SHA c1829ec6005b6e0366489080b71a7713512165d5 with commit message 'Add empty env vars' into base branch master

Showing logs for build [32mbounties-network-standardbounti-5k72g-2[0m stage [32mmeta-pipeline[0m and container [32mstep-merge-pull-refs[0m
DEBUG: ran git fetch origin d6b3da4bc98381136c0d95f65662241575d5abcd: 27bb02d449aa3bde46c7cc5dbe472ea49c92d064: in 
DEBUG: Unshallowed git repo in 
DEBUG: ran git checkout master in 
DEBUG: ran git reset --hard 27bb02d449aa3bde46c7cc5dbe472ea49c92d064 in 
DEBUG: ran clean --force -d . in 
DEBUG: ran git merge d6b3da4bc98381136c0d95f65662241575d5abcd in 
Merged SHA d6b3da4bc98381136c0d95f65662241575d5abcd with commit message 'Fix requirements.yaml' into base branch master
Merged SHA c1829ec6005b6e0366489080b71a7713512165d5 with commit message 'Add empty env vars' into base branch master

Showing logs for build [32mbounties-network-standardbounti-5k72g-2[0m stage [32mmeta-pipeline[0m and container [32mstep-create-effective-pipeline[0m
Deleting and cloning the Jenkins X versions repo
Cloning the Jenkins X versions repo https://github.com/jenkins-x/jenkins-x-versions.git with ref refs/heads/master to /builder/home/.**/jenkins-x-versions
Effective pipeline written to jenkins-x-serverless-jenkins-effective.yml

Showing logs for build [32mbounties-network-standardbounti-5k72g-2[0m stage [32mmeta-pipeline[0m and container [32mstep-create-tekton-crds[0m
WARNING: failed to find secret kaniko-secret in namespace **: secrets "kaniko-secret" not found
PipelineActivity for Bounties-Network-standardbounties-relayer-PR-1-2
Applying changes 
upserted PipelineResource bounties-network-standardbounti for the git repository https://github.com/Bounties-Network/standardbounties-relayer.git
upserted Task bounties-network-standardbounti-5k72g-from-build-pack-2
upserted Pipeline bounties-network-standardbounti-5k72g-2
created PipelineRun bounties-network-standardbounti-5k72g-2
created PipelineStructure bounties-network-standardbounti-5k72g-2

Showing logs for build [32mbounties-network-standardbounti-5k72g-2[0m stage [32mfrom-build-pack[0m and container [32mstep-credential-initializer-5rjvw[0m
{"level":"warn","ts":1569341046.011134,"logger":"fallback-logger","caller":"logging/config.go:69","msg":"Fetch GitHub commit ID from kodata failed: \"ref: refs/heads/master\" is not a valid GitHub commit ID"}
{"level":"info","ts":1569341046.011891,"logger":"fallback-logger","caller":"creds-init/main.go:40","msg":"Credentials initialized."}

Showing logs for build [32mbounties-network-standardbounti-5k72g-2[0m stage [32mfrom-build-pack[0m and container [32mstep-working-dir-initializer-w5c9j[0m
{"level":"warn","ts":1569341046.4546702,"logger":"fallback-logger","caller":"logging/config.go:69","msg":"Fetch GitHub commit ID from kodata failed: open /var/run/ko/HEAD: no such file or directory"}
{"level":"info","ts":1569341046.4558866,"logger":"fallback-logger","caller":"bash/main.go:65","msg":"Successfully executed command \"mkdir -p /workspace/source /workspace/source/charts/preview\""}

Showing logs for build [32mbounties-network-standardbounti-5k72g-2[0m stage [32mfrom-build-pack[0m and container [32mstep-place-tools[0m

Showing logs for build [32mbounties-network-standardbounti-5k72g-2[0m stage [32mfrom-build-pack[0m and container [32mstep-git-source-bounties-network-standardbounti-826zg[0m
{"level":"warn","ts":1569341052.5310364,"logger":"fallback-logger","caller":"logging/config.go:69","msg":"Fetch GitHub commit ID from kodata failed: \"ref: refs/heads/master\" is not a valid GitHub commit ID"}
{"level":"info","ts":1569341052.9734678,"logger":"fallback-logger","caller":"git/git.go:102","msg":"Successfully cloned https://github.com/Bounties-Network/standardbounties-relayer.git @ master in path /workspace/source"}

Showing logs for build [32mbounties-network-standardbounti-5k72g-2[0m stage [32mfrom-build-pack[0m and container [32mstep-git-merge[0m
Using SHAs from PULL_REFS=master:27bb02d449aa3bde46c7cc5dbe472ea49c92d064,1:d6b3da4bc98381136c0d95f65662241575d5abcd
DEBUG: ran git fetch --unshallow origin d6b3da4bc98381136c0d95f65662241575d5abcd: 27bb02d449aa3bde46c7cc5dbe472ea49c92d064: in 
DEBUG: ran git checkout master in 
DEBUG: ran git reset --hard 27bb02d449aa3bde46c7cc5dbe472ea49c92d064 in 
DEBUG: ran clean --force -d . in 
DEBUG: ran git merge d6b3da4bc98381136c0d95f65662241575d5abcd in 
Merged SHA d6b3da4bc98381136c0d95f65662241575d5abcd with commit message 'Fix requirements.yaml' into base branch master
Merged SHA c1829ec6005b6e0366489080b71a7713512165d5 with commit message 'Add empty env vars' into base branch master

Showing logs for build [32mbounties-network-standardbounti-5k72g-2[0m stage [32mfrom-build-pack[0m and container [32mstep-build-npmrc[0m
WARNING: failed to find Secret npm-token in namespace **

Showing logs for build [32mbounties-network-standardbounti-5k72g-2[0m stage [32mfrom-build-pack[0m and container [32mstep-build-npm-install[0m

> scrypt@6.0.3 preinstall /workspace/source/node_modules/scrypt
> node node-scrypt-preinstall.js


> scrypt@6.0.3 install /workspace/source/node_modules/scrypt
> node-gyp rebuild

make: Entering directory `/workspace/source/node_modules/scrypt/build'
  SOLINK_MODULE(target) Release/obj.target/copied_files.node
  COPY Release/copied_files.node
  CC(target) Release/obj.target/scrypt_wrapper/src/util/memlimit.o
  CC(target) Release/obj.target/scrypt_wrapper/src/scryptwrapper/keyderivation.o
  CC(target) Release/obj.target/scrypt_wrapper/src/scryptwrapper/pickparams.o
  CC(target) Release/obj.target/scrypt_wrapper/src/scryptwrapper/hash.o
  AR(target) Release/obj.target/scrypt_wrapper.a
  COPY Release/scrypt_wrapper.a
  CC(target) Release/obj.target/scrypt_lib/scrypt/scrypt-1.2.0/lib/crypto/crypto_scrypt.o
  CC(target) Release/obj.target/scrypt_lib/scrypt/scrypt-1.2.0/lib/crypto/crypto_scrypt_smix.o
  CC(target) Release/obj.target/scrypt_lib/scrypt/scrypt-1.2.0/libcperciva/util/warnp.o
  CC(target) Release/obj.target/scrypt_lib/scrypt/scrypt-1.2.0/libcperciva/alg/sha256.o
  CC(target) Release/obj.target/scrypt_lib/scrypt/scrypt-1.2.0/libcperciva/util/insecure_memzero.o
  CC(target) Release/obj.target/scrypt_lib/scrypt/scrypt-1.2.0/lib/scryptenc/scryptenc_cpuperf.o
  AR(target) Release/obj.target/scrypt_lib.a
  COPY Release/scrypt_lib.a
  CXX(target) Release/obj.target/scrypt/src/node-boilerplate/scrypt_common.o
  CXX(target) Release/obj.target/scrypt/src/node-boilerplate/scrypt_params_async.o
In file included from ../src/node-boilerplate/inc/scrypt_async.h:28:0,
                 from ../src/node-boilerplate/inc/scrypt_params_async.h:28,
                 from ../src/node-boilerplate/scrypt_params_async.cc:4:
../src/node-boilerplate/inc/scrypt_common.h: In constructor ‘NodeScrypt::Params::Params(const v8::Local<v8::Object>&)’:
../src/node-boilerplate/inc/scrypt_common.h:39:63: warning: ‘uint32_t v8::Value::Uint32Value() const’ is deprecated (declared at /builder/home/.node-gyp/11.15.0/include/node/v8.h:2571): Use maybe version [-Wdeprecated-declarations]
       N(obj->Get(Nan::New("N").ToLocalChecked())->Uint32Value()),
                                                               ^
../src/node-boilerplate/inc/scrypt_common.h:40:63: warning: ‘uint32_t v8::Value::Uint32Value() const’ is deprecated (declared at /builder/home/.node-gyp/11.15.0/include/node/v8.h:2571): Use maybe version [-Wdeprecated-declarations]
       r(obj->Get(Nan::New("r").ToLocalChecked())->Uint32Value()),
                                                               ^
../src/node-boilerplate/inc/scrypt_common.h:41:63: warning: ‘uint32_t v8::Value::Uint32Value() const’ is deprecated (declared at /builder/home/.node-gyp/11.15.0/include/node/v8.h:2571): Use maybe version [-Wdeprecated-declarations]
       p(obj->Get(Nan::New("p").ToLocalChecked())->Uint32Value()) {}
                                                               ^
In file included from ../src/node-boilerplate/inc/scrypt_params_async.h:28:0,
                 from ../src/node-boilerplate/scrypt_params_async.cc:4:
../src/node-boilerplate/inc/scrypt_async.h: In member function ‘virtual void ScryptAsyncWorker::HandleErrorCallback()’:
../src/node-boilerplate/inc/scrypt_async.h:53:29: warning: ‘v8::Local<v8::Value> Nan::Callback::Call(int, v8::Local<v8::Value>*) const’ is deprecated (declared at ../../nan/nan.h:1674) [-Wdeprecated-declarations]
       callback->Call(1, argv);
                             ^
In file included from ../src/node-boilerplate/scrypt_params_async.cc:4:0:
../src/node-boilerplate/inc/scrypt_params_async.h: In constructor ‘ScryptParamsAsyncWorker::ScryptParamsAsyncWorker(Nan::NAN_METHOD_ARGS_TYPE)’:
../src/node-boilerplate/inc/scrypt_params_async.h:35:36: warning: ‘double v8::Value::NumberValue() const’ is deprecated (declared at /builder/home/.node-gyp/11.15.0/include/node/v8.h:2569): Use maybe version [-Wdeprecated-declarations]
       maxtime(info[0]->NumberValue()),
                                    ^
../src/node-boilerplate/inc/scrypt_params_async.h:36:39: warning: ‘double v8::Value::NumberValue() const’ is deprecated (declared at /builder/home/.node-gyp/11.15.0/include/node/v8.h:2569): Use maybe version [-Wdeprecated-declarations]
       maxmemfrac(info[1]->NumberValue()),
                                       ^
../src/node-boilerplate/inc/scrypt_params_async.h:37:36: warning: ‘int64_t v8::Value::IntegerValue() const’ is deprecated (declared at /builder/home/.node-gyp/11.15.0/include/node/v8.h:2570): Use maybe version [-Wdeprecated-declarations]
       maxmem(info[2]->IntegerValue()),
                                    ^
../src/node-boilerplate/inc/scrypt_params_async.h:38:39: warning: ‘int64_t v8::Value::IntegerValue() const’ is deprecated (declared at /builder/home/.node-gyp/11.15.0/include/node/v8.h:2570): Use maybe version [-Wdeprecated-declarations]
       osfreemem(info[3]->IntegerValue())
                                       ^
../src/node-boilerplate/scrypt_params_async.cc: In member function ‘virtual void ScryptParamsAsyncWorker::HandleOKCallback()’:
../src/node-boilerplate/scrypt_params_async.cc:32:25: warning: ‘v8::Local<v8::Value> Nan::Callback::Call(int, v8::Local<v8::Value>*) const’ is deprecated (declared at ../../nan/nan.h:1674) [-Wdeprecated-declarations]
   callback->Call(2, argv);
                         ^
  CXX(target) Release/obj.target/scrypt/src/node-boilerplate/scrypt_params_sync.o
In file included from ../src/node-boilerplate/scrypt_params_sync.cc:4:0:
../src/node-boilerplate/inc/scrypt_common.h: In constructor ‘NodeScrypt::Params::Params(const v8::Local<v8::Object>&)’:
../src/node-boilerplate/inc/scrypt_common.h:39:63: warning: ‘uint32_t v8::Value::Uint32Value() const’ is deprecated (declared at /builder/home/.node-gyp/11.15.0/include/node/v8.h:2571): Use maybe version [-Wdeprecated-declarations]
       N(obj->Get(Nan::New("N").ToLocalChecked())->Uint32Value()),
                                                               ^
../src/node-boilerplate/inc/scrypt_common.h:40:63: warning: ‘uint32_t v8::Value::Uint32Value() const’ is deprecated (declared at /builder/home/.node-gyp/11.15.0/include/node/v8.h:2571): Use maybe version [-Wdeprecated-declarations]
       r(obj->Get(Nan::New("r").ToLocalChecked())->Uint32Value()),
                                                               ^
../src/node-boilerplate/inc/scrypt_common.h:41:63: warning: ‘uint32_t v8::Value::Uint32Value() const’ is deprecated (declared at /builder/home/.node-gyp/11.15.0/include/node/v8.h:2571): Use maybe version [-Wdeprecated-declarations]
       p(obj->Get(Nan::New("p").ToLocalChecked())->Uint32Value()) {}
                                                               ^
../src/node-boilerplate/scrypt_params_sync.cc: In function ‘Nan::NAN_METHOD_RETURN_TYPE paramsSync(Nan::NAN_METHOD_ARGS_TYPE)’:
../src/node-boilerplate/scrypt_params_sync.cc:25:47: warning: ‘double v8::Value::NumberValue() const’ is deprecated (declared at /builder/home/.node-gyp/11.15.0/include/node/v8.h:2569): Use maybe version [-Wdeprecated-declarations]
   const double maxtime = info[0]->NumberValue();
                                               ^
../src/node-boilerplate/scrypt_params_sync.cc:26:47: warning: ‘int64_t v8::Value::IntegerValue() const’ is deprecated (declared at /builder/home/.node-gyp/11.15.0/include/node/v8.h:2570): Use maybe version [-Wdeprecated-declarations]
   const size_t maxmem = info[2]->IntegerValue();
                                               ^
../src/node-boilerplate/scrypt_params_sync.cc:27:50: warning: ‘double v8::Value::NumberValue() const’ is deprecated (declared at /builder/home/.node-gyp/11.15.0/include/node/v8.h:2569): Use maybe version [-Wdeprecated-declarations]
   const double maxmemfrac = info[1]->NumberValue();
                                                  ^
../src/node-boilerplate/scrypt_params_sync.cc:28:50: warning: ‘int64_t v8::Value::IntegerValue() const’ is deprecated (declared at /builder/home/.node-gyp/11.15.0/include/node/v8.h:2570): Use maybe version [-Wdeprecated-declarations]
   const size_t osfreemem = info[3]->IntegerValue();
                                                  ^
  CXX(target) Release/obj.target/scrypt/src/node-boilerplate/scrypt_kdf_async.o
In file included from ../src/node-boilerplate/inc/scrypt_async.h:28:0,
                 from ../src/node-boilerplate/inc/scrypt_kdf_async.h:28,
                 from ../src/node-boilerplate/scrypt_kdf_async.cc:4:
../src/node-boilerplate/inc/scrypt_common.h: In constructor ‘NodeScrypt::Params::Params(const v8::Local<v8::Object>&)’:
../src/node-boilerplate/inc/scrypt_common.h:39:63: warning: ‘uint32_t v8::Value::Uint32Value() const’ is deprecated (declared at /builder/home/.node-gyp/11.15.0/include/node/v8.h:2571): Use maybe version [-Wdeprecated-declarations]
       N(obj->Get(Nan::New("N").ToLocalChecked())->Uint32Value()),
                                                               ^
../src/node-boilerplate/inc/scrypt_common.h:40:63: warning: ‘uint32_t v8::Value::Uint32Value() const’ is deprecated (declared at /builder/home/.node-gyp/11.15.0/include/node/v8.h:2571): Use maybe version [-Wdeprecated-declarations]
       r(obj->Get(Nan::New("r").ToLocalChecked())->Uint32Value()),
                                                               ^
../src/node-boilerplate/inc/scrypt_common.h:41:63: warning: ‘uint32_t v8::Value::Uint32Value() const’ is deprecated (declared at /builder/home/.node-gyp/11.15.0/include/node/v8.h:2571): Use maybe version [-Wdeprecated-declarations]
       p(obj->Get(Nan::New("p").ToLocalChecked())->Uint32Value()) {}
                                                               ^
In file included from ../src/node-boilerplate/inc/scrypt_kdf_async.h:28:0,
                 from ../src/node-boilerplate/scrypt_kdf_async.cc:4:
../src/node-boilerplate/inc/scrypt_async.h: In member function ‘virtual void ScryptAsyncWorker::HandleErrorCallback()’:
../src/node-boilerplate/inc/scrypt_async.h:53:29: warning: ‘v8::Local<v8::Value> Nan::Callback::Call(int, v8::Local<v8::Value>*) const’ is deprecated (declared at ../../nan/nan.h:1674) [-Wdeprecated-declarations]
       callback->Call(1, argv);
                             ^
In file included from ../src/node-boilerplate/scrypt_kdf_async.cc:4:0:
../src/node-boilerplate/inc/scrypt_kdf_async.h: In constructor ‘ScryptKDFAsyncWorker::ScryptKDFAsyncWorker(Nan::NAN_METHOD_ARGS_TYPE)’:
../src/node-boilerplate/inc/scrypt_kdf_async.h:36:32: warning: ‘v8::Local<v8::Object> v8::Value::ToObject() const’ is deprecated (declared at /builder/home/.node-gyp/11.15.0/include/node/v8.h:10257): Use maybe version [-Wdeprecated-declarations]
       params(args[1]->ToObject()),
                                ^
../src/node-boilerplate/scrypt_kdf_async.cc: In member function ‘virtual void ScryptKDFAsyncWorker::HandleOKCallback()’:
../src/node-boilerplate/scrypt_kdf_async.cc:25:62: warning: ‘v8::Local<v8::Object> v8::Value::ToObject() const’ is deprecated (declared at /builder/home/.node-gyp/11.15.0/include/node/v8.h:10257): Use maybe version [-Wdeprecated-declarations]
         GetFromPersistent("ScryptPeristentObject")->ToObject()->Get(Nan::New("KDFResult").ToLocalChecked())
                                                              ^
../src/node-boilerplate/scrypt_kdf_async.cc:28:27: warning: ‘v8::Local<v8::Value> Nan::Callback::Call(int, v8::Local<v8::Value>*) const’ is deprecated (declared at ../../nan/nan.h:1674) [-Wdeprecated-declarations]
     callback->Call(2, argv);
                           ^
  CXX(target) Release/obj.target/scrypt/src/node-boilerplate/scrypt_kdf_sync.o
In file included from ../src/node-boilerplate/scrypt_kdf_sync.cc:4:0:
../src/node-boilerplate/inc/scrypt_common.h: In constructor ‘NodeScrypt::Params::Params(const v8::Local<v8::Object>&)’:
../src/node-boilerplate/inc/scrypt_common.h:39:63: warning: ‘uint32_t v8::Value::Uint32Value() const’ is deprecated (declared at /builder/home/.node-gyp/11.15.0/include/node/v8.h:2571): Use maybe version [-Wdeprecated-declarations]
       N(obj->Get(Nan::New("N").ToLocalChecked())->Uint32Value()),
                                                               ^
../src/node-boilerplate/inc/scrypt_common.h:40:63: warning: ‘uint32_t v8::Value::Uint32Value() const’ is deprecated (declared at /builder/home/.node-gyp/11.15.0/include/node/v8.h:2571): Use maybe version [-Wdeprecated-declarations]
       r(obj->Get(Nan::New("r").ToLocalChecked())->Uint32Value()),
                                                               ^
../src/node-boilerplate/inc/scrypt_common.h:41:63: warning: ‘uint32_t v8::Value::Uint32Value() const’ is deprecated (declared at /builder/home/.node-gyp/11.15.0/include/node/v8.h:2571): Use maybe version [-Wdeprecated-declarations]
       p(obj->Get(Nan::New("p").ToLocalChecked())->Uint32Value()) {}
                                                               ^
../src/node-boilerplate/scrypt_kdf_sync.cc: In function ‘Nan::NAN_METHOD_RETURN_TYPE kdfSync(Nan::NAN_METHOD_ARGS_TYPE)’:
../src/node-boilerplate/scrypt_kdf_sync.cc:29:57: warning: ‘v8::Local<v8::Object> v8::Value::ToObject() const’ is deprecated (declared at /builder/home/.node-gyp/11.15.0/include/node/v8.h:10257): Use maybe version [-Wdeprecated-declarations]
     const NodeScrypt::Params params = info[1]->ToObject();
                                                         ^
  CXX(target) Release/obj.target/scrypt/src/node-boilerplate/scrypt_kdf-verify_sync.o
In file included from ../src/node-boilerplate/scrypt_kdf-verify_sync.cc:4:0:
../src/node-boilerplate/inc/scrypt_common.h: In constructor ‘NodeScrypt::Params::Params(const v8::Local<v8::Object>&)’:
../src/node-boilerplate/inc/scrypt_common.h:39:63: warning: ‘uint32_t v8::Value::Uint32Value() const’ is deprecated (declared at /builder/home/.node-gyp/11.15.0/include/node/v8.h:2571): Use maybe version [-Wdeprecated-declarations]
       N(obj->Get(Nan::New("N").ToLocalChecked())->Uint32Value()),
                                                               ^
../src/node-boilerplate/inc/scrypt_common.h:40:63: warning: ‘uint32_t v8::Value::Uint32Value() const’ is deprecated (declared at /builder/home/.node-gyp/11.15.0/include/node/v8.h:2571): Use maybe version [-Wdeprecated-declarations]
       r(obj->Get(Nan::New("r").ToLocalChecked())->Uint32Value()),
                                                               ^
../src/node-boilerplate/inc/scrypt_common.h:41:63: warning: ‘uint32_t v8::Value::Uint32Value() const’ is deprecated (declared at /builder/home/.node-gyp/11.15.0/include/node/v8.h:2571): Use maybe version [-Wdeprecated-declarations]
       p(obj->Get(Nan::New("p").ToLocalChecked())->Uint32Value()) {}
                                                               ^
  CXX(target) Release/obj.target/scrypt/src/node-boilerplate/scrypt_kdf-verify_async.o
In file included from ../src/node-boilerplate/inc/scrypt_async.h:28:0,
                 from ../src/node-boilerplate/inc/scrypt_kdf-verify_async.h:28,
                 from ../src/node-boilerplate/scrypt_kdf-verify_async.cc:4:
../src/node-boilerplate/inc/scrypt_common.h: In constructor ‘NodeScrypt::Params::Params(const v8::Local<v8::Object>&)’:
../src/node-boilerplate/inc/scrypt_common.h:39:63: warning: ‘uint32_t v8::Value::Uint32Value() const’ is deprecated (declared at /builder/home/.node-gyp/11.15.0/include/node/v8.h:2571): Use maybe version [-Wdeprecated-declarations]
       N(obj->Get(Nan::New("N").ToLocalChecked())->Uint32Value()),
                                                               ^
../src/node-boilerplate/inc/scrypt_common.h:40:63: warning: ‘uint32_t v8::Value::Uint32Value() const’ is deprecated (declared at /builder/home/.node-gyp/11.15.0/include/node/v8.h:2571): Use maybe version [-Wdeprecated-declarations]
       r(obj->Get(Nan::New("r").ToLocalChecked())->Uint32Value()),
                                                               ^
../src/node-boilerplate/inc/scrypt_common.h:41:63: warning: ‘uint32_t v8::Value::Uint32Value() const’ is deprecated (declared at /builder/home/.node-gyp/11.15.0/include/node/v8.h:2571): Use maybe version [-Wdeprecated-declarations]
       p(obj->Get(Nan::New("p").ToLocalChecked())->Uint32Value()) {}
                                                               ^
In file included from ../src/node-boilerplate/inc/scrypt_kdf-verify_async.h:28:0,
                 from ../src/node-boilerplate/scrypt_kdf-verify_async.cc:4:
../src/node-boilerplate/inc/scrypt_async.h: In member function ‘virtual void ScryptAsyncWorker::HandleErrorCallback()’:
../src/node-boilerplate/inc/scrypt_async.h:53:29: warning: ‘v8::Local<v8::Value> Nan::Callback::Call(int, v8::Local<v8::Value>*) const’ is deprecated (declared at ../../nan/nan.h:1674) [-Wdeprecated-declarations]
       callback->Call(1, argv);
                             ^
../src/node-boilerplate/scrypt_kdf-verify_async.cc: In member function ‘virtual void ScryptKDFVerifyAsyncWorker::HandleOKCallback()’:
../src/node-boilerplate/scrypt_kdf-verify_async.cc:30:25: warning: ‘v8::Local<v8::Value> Nan::Callback::Call(int, v8::Local<v8::Value>*) const’ is deprecated (declared at ../../nan/nan.h:1674) [-Wdeprecated-declarations]
   callback->Call(2, argv);
                         ^
  CXX(target) Release/obj.target/scrypt/src/node-boilerplate/scrypt_hash_sync.o
In file included from ../src/node-boilerplate/scrypt_hash_sync.cc:4:0:
../src/node-boilerplate/inc/scrypt_common.h: In constructor ‘NodeScrypt::Params::Params(const v8::Local<v8::Object>&)’:
../src/node-boilerplate/inc/scrypt_common.h:39:63: warning: ‘uint32_t v8::Value::Uint32Value() const’ is deprecated (declared at /builder/home/.node-gyp/11.15.0/include/node/v8.h:2571): Use maybe version [-Wdeprecated-declarations]
       N(obj->Get(Nan::New("N").ToLocalChecked())->Uint32Value()),
                                                               ^
../src/node-boilerplate/inc/scrypt_common.h:40:63: warning: ‘uint32_t v8::Value::Uint32Value() const’ is deprecated (declared at /builder/home/.node-gyp/11.15.0/include/node/v8.h:2571): Use maybe version [-Wdeprecated-declarations]
       r(obj->Get(Nan::New("r").ToLocalChecked())->Uint32Value()),
                                                               ^
../src/node-boilerplate/inc/scrypt_common.h:41:63: warning: ‘uint32_t v8::Value::Uint32Value() const’ is deprecated (declared at /builder/home/.node-gyp/11.15.0/include/node/v8.h:2571): Use maybe version [-Wdeprecated-declarations]
       p(obj->Get(Nan::New("p").ToLocalChecked())->Uint32Value()) {}
                                                               ^
../src/node-boilerplate/scrypt_hash_sync.cc: In function ‘Nan::NAN_METHOD_RETURN_TYPE hashSync(Nan::NAN_METHOD_ARGS_TYPE)’:
../src/node-boilerplate/scrypt_hash_sync.cc:24:55: warning: ‘v8::Local<v8::Object> v8::Value::ToObject() const’ is deprecated (declared at /builder/home/.node-gyp/11.15.0/include/node/v8.h:10257): Use maybe version [-Wdeprecated-declarations]
   const NodeScrypt::Params params = info[1]->ToObject();
                                                       ^
../src/node-boilerplate/scrypt_hash_sync.cc:25:50: warning: ‘int64_t v8::Value::IntegerValue() const’ is deprecated (declared at /builder/home/.node-gyp/11.15.0/include/node/v8.h:2570): Use maybe version [-Wdeprecated-declarations]
   const size_t hash_size = info[2]->IntegerValue();
                                                  ^
  CXX(target) Release/obj.target/scrypt/src/node-boilerplate/scrypt_hash_async.o
In file included from ../src/node-boilerplate/inc/scrypt_async.h:28:0,
                 from ../src/node-boilerplate/inc/scrypt_hash_async.h:28,
                 from ../src/node-boilerplate/scrypt_hash_async.cc:28:
../src/node-boilerplate/inc/scrypt_common.h: In constructor ‘NodeScrypt::Params::Params(const v8::Local<v8::Object>&)’:
../src/node-boilerplate/inc/scrypt_common.h:39:63: warning: ‘uint32_t v8::Value::Uint32Value() const’ is deprecated (declared at /builder/home/.node-gyp/11.15.0/include/node/v8.h:2571): Use maybe version [-Wdeprecated-declarations]
       N(obj->Get(Nan::New("N").ToLocalChecked())->Uint32Value()),
                                                               ^
../src/node-boilerplate/inc/scrypt_common.h:40:63: warning: ‘uint32_t v8::Value::Uint32Value() const’ is deprecated (declared at /builder/home/.node-gyp/11.15.0/include/node/v8.h:2571): Use maybe version [-Wdeprecated-declarations]
       r(obj->Get(Nan::New("r").ToLocalChecked())->Uint32Value()),
                                                               ^
../src/node-boilerplate/inc/scrypt_common.h:41:63: warning: ‘uint32_t v8::Value::Uint32Value() const’ is deprecated (declared at /builder/home/.node-gyp/11.15.0/include/node/v8.h:2571): Use maybe version [-Wdeprecated-declarations]
       p(obj->Get(Nan::New("p").ToLocalChecked())->Uint32Value()) {}
                                                               ^
In file included from ../src/node-boilerplate/inc/scrypt_hash_async.h:28:0,
                 from ../src/node-boilerplate/scrypt_hash_async.cc:28:
../src/node-boilerplate/inc/scrypt_async.h: In member function ‘virtual void ScryptAsyncWorker::HandleErrorCallback()’:
../src/node-boilerplate/inc/scrypt_async.h:53:29: warning: ‘v8::Local<v8::Value> Nan::Callback::Call(int, v8::Local<v8::Value>*) const’ is deprecated (declared at ../../nan/nan.h:1674) [-Wdeprecated-declarations]
       callback->Call(1, argv);
                             ^
In file included from ../src/node-boilerplate/scrypt_hash_async.cc:28:0:
../src/node-boilerplate/inc/scrypt_hash_async.h: In constructor ‘ScryptHashAsyncWorker::ScryptHashAsyncWorker(Nan::NAN_METHOD_ARGS_TYPE)’:
../src/node-boilerplate/inc/scrypt_hash_async.h:36:32: warning: ‘v8::Local<v8::Object> v8::Value::ToObject() const’ is deprecated (declared at /builder/home/.node-gyp/11.15.0/include/node/v8.h:10257): Use maybe version [-Wdeprecated-declarations]
       params(info[1]->ToObject()),
                                ^
../src/node-boilerplate/inc/scrypt_hash_async.h:37:39: warning: ‘int64_t v8::Value::IntegerValue() const’ is deprecated (declared at /builder/home/.node-gyp/11.15.0/include/node/v8.h:2570): Use maybe version [-Wdeprecated-declarations]
       hash_size(info[2]->IntegerValue()),
                                       ^
../src/node-boilerplate/scrypt_hash_async.cc: In member function ‘virtual void ScryptHashAsyncWorker::HandleOKCallback()’:
../src/node-boilerplate/scrypt_hash_async.cc:49:58: warning: ‘v8::Local<v8::Object> v8::Value::ToObject() const’ is deprecated (declared at /builder/home/.node-gyp/11.15.0/include/node/v8.h:10257): Use maybe version [-Wdeprecated-declarations]
     GetFromPersistent("ScryptPeristentObject")->ToObject()->Get(Nan::New("HashBuffer").ToLocalChecked())
                                                          ^
../src/node-boilerplate/scrypt_hash_async.cc:52:25: warning: ‘v8::Local<v8::Value> Nan::Callback::Call(int, v8::Local<v8::Value>*) const’ is deprecated (declared at ../../nan/nan.h:1674) [-Wdeprecated-declarations]
   callback->Call(2, argv);
                         ^
  CXX(target) Release/obj.target/scrypt/scrypt_node.o
  SOLINK_MODULE(target) Release/obj.target/scrypt.node
  COPY Release/scrypt.node
make: Leaving directory `/workspace/source/node_modules/scrypt/build'

> sha3@1.2.3 install /workspace/source/node_modules/sha3
> node-gyp rebuild

make: Entering directory `/workspace/source/node_modules/sha3/build'
  CXX(target) Release/obj.target/sha3/src/addon.o
  CXX(target) Release/obj.target/sha3/src/displayIntermediateValues.o
  CXX(target) Release/obj.target/sha3/src/KeccakF-1600-reference.o
  CXX(target) Release/obj.target/sha3/src/KeccakNISTInterface.o
  CXX(target) Release/obj.target/sha3/src/KeccakSponge.o
  SOLINK_MODULE(target) Release/obj.target/sha3.node
  COPY Release/sha3.node
make: Leaving directory `/workspace/source/node_modules/sha3/build'

> websocket@git://github.com/frozeman/WebSocket-Node.git#6c72925e3f8aaaea8dc8450f97627e85263999f2 install /workspace/source/node_modules/web3-providers-ws/node_modules/websocket
> (node-gyp rebuild 2> builderror.log) || (exit 0)

make: Entering directory `/workspace/source/node_modules/web3-providers-ws/node_modules/websocket/build'
  CXX(target) Release/obj.target/bufferutil/src/bufferutil.o
  SOLINK_MODULE(target) Release/obj.target/bufferutil.node
  COPY Release/bufferutil.node
  CXX(target) Release/obj.target/validation/src/validation.o
  SOLINK_MODULE(target) Release/obj.target/validation.node
  COPY Release/validation.node
make: Leaving directory `/workspace/source/node_modules/web3-providers-ws/node_modules/websocket/build'

> websocket@github:web3-js/WebSocket-Node#905deb4812572b344f5801f8c9ce8bb02799d82e install /workspace/source/node_modules/web3/node_modules/websocket
> (node-gyp rebuild 2> builderror.log) || (exit 0)

make: Entering directory `/workspace/source/node_modules/web3/node_modules/websocket/build'
  CXX(target) Release/obj.target/bufferutil/src/bufferutil.o
  SOLINK_MODULE(target) Release/obj.target/bufferutil.node
  COPY Release/bufferutil.node
  CXX(target) Release/obj.target/validation/src/validation.o
  SOLINK_MODULE(target) Release/obj.target/validation.node
  COPY Release/validation.node
make: Leaving directory `/workspace/source/node_modules/web3/node_modules/websocket/build'

> websocket@1.0.28 install /workspace/source/node_modules/websocket
> (node-gyp rebuild 2> builderror.log) || (exit 0)

make: Entering directory `/workspace/source/node_modules/websocket/build'
  CXX(target) Release/obj.target/bufferutil/src/bufferutil.o
  SOLINK_MODULE(target) Release/obj.target/bufferutil.node
  COPY Release/bufferutil.node
  CXX(target) Release/obj.target/validation/src/validation.o
  SOLINK_MODULE(target) Release/obj.target/validation.node
  COPY Release/validation.node
make: Leaving directory `/workspace/source/node_modules/websocket/build'
npm WARN standardbounties-relayer@1.0.0 No repository field.

added 440 packages from 249 contributors and audited 139948 packages in 29.336s
found 1 low severity vulnerability
  run `npm audit fix` to fix them, or `npm audit` for details

Showing logs for build [32mbounties-network-standardbounti-5k72g-2[0m stage [32mfrom-build-pack[0m and container [32mstep-build-npm-test[0m

> standardbounties-relayer@1.0.0 test /workspace/source
> echo 'Error: no test specified'

Error: no test specified

Showing logs for build [32mbounties-network-standardbounti-5k72g-2[0m stage [32mfrom-build-pack[0m and container [32mstep-build-container-build[0m
[36mINFO[0m[0000] Downloading base image node:9-slim           
[36mINFO[0m[0000] Error while retrieving image from cache: getting file info: stat /workspace/sha256:0e0175bbe4f8d9d104590d8d2c591017874e30977cb71aaff1cf6fa99479575c: no such file or directory 
[36mINFO[0m[0000] Downloading base image node:9-slim           
[36mINFO[0m[0000] Executing 0 build triggers                   
[36mINFO[0m[0000] cmd: EXPOSE                                  
[36mINFO[0m[0000] Adding exposed port: 8080/tcp                
[36mINFO[0m[0000] Using files from context: [/workspace/source] 
[36mINFO[0m[0000] Skipping unpacking as no commands require it. 
[36mINFO[0m[0000] Taking snapshot of full filesystem...        
[36mINFO[0m[0000] ENV PORT 8080                                
[36mINFO[0m[0000] No files changed in this command, skipping snapshotting. 
[36mINFO[0m[0000] EXPOSE 8080                                  
[36mINFO[0m[0000] cmd: EXPOSE                                  
[36mINFO[0m[0000] Adding exposed port: 8080/tcp                
[36mINFO[0m[0000] No files changed in this command, skipping snapshotting. 
[36mINFO[0m[0000] WORKDIR /usr/src/app                         
[36mINFO[0m[0000] cmd: workdir                                 
[36mINFO[0m[0000] Changed working directory to /usr/src/app    
[36mINFO[0m[0000] Creating directory /usr/src/app              
[36mINFO[0m[0000] Taking snapshot of files...                  
[36mINFO[0m[0000] Using files from context: [/workspace/source] 
[36mINFO[0m[0001] COPY . .                                     
[36mINFO[0m[0003] Taking snapshot of files...                  
[36mINFO[0m[0005] CMD ["npm", "start"]                         
[36mINFO[0m[0005] No files changed in this command, skipping snapshotting. 
2019/09/24 16:04:52 existing blob: sha256:5bba3ecb4cd6374a19da45f2a3db0a9c0804984358b3bb4b666c28944016e5ff
2019/09/24 16:04:52 existing blob: sha256:196b8e3c919d5639193ba6c6e54774528942041bbc37606631a2250502985c3c
2019/09/24 16:04:52 existing blob: sha256:a88538b9cd05cfa611e43a25582a95ad7879f6fa708b0386a26b71ee62235bb3
2019/09/24 16:04:52 existing blob: sha256:e01bd28a434b56ffd2a3fe9aa99b9b69aecca69904843edd30b1ee7150d79904
2019/09/24 16:04:52 existing blob: sha256:7d083412657baa2dafba8d093034ef26f9ed2c90fb6ed95f76bb55aff03ed429
2019/09/24 16:04:52 pushed blob: sha256:bfaf51da8753715ceca9651592d1c638cedca49df51ddb363f05544f00229086
2019/09/24 16:04:53 pushed blob: sha256:96df89ddfabad2b8d722f2967fdcc857ab0c9761409be1848270951d21e4d878
2019/09/24 16:04:56 pushed blob: sha256:4a59970fd9ac05e8ace30ab6f96c73d1376762f0026b2a8fcefc712b9cda9c27
2019/09/24 16:04:56 802922962628.dkr.ecr.us-east-1.amazonaws.com/bounties-network/standardbounties-relayer:0.0.0-SNAPSHOT-PR-1-2: digest: sha256:a6ba154c83d69dcc464f3377bdc7ed1483187d1068bc2d0762128c5ad7ef6849 size: 1407

Showing logs for build [32mbounties-network-standardbounti-5k72g-2[0m stage [32mfrom-build-pack[0m and container [32mstep-postbuild-post-build[0m
no CVE provider running in the current ** namespace so skip adding image to be analysed

Showing logs for build [32mbounties-network-standardbounti-5k72g-2[0m stage [32mfrom-build-pack[0m and container [32mstep-promote-make-preview[0m
sed -i -e "s/version:.*/version: 0.0.0-SNAPSHOT-PR-1-2/" Chart.yaml
sed -i -e "s/version:.*/version: 0.0.0-SNAPSHOT-PR-1-2/" ../*/Chart.yaml
sed -i -e "s|repository:.*|repository: 802922962628.dkr.ecr.us-east-1.amazonaws.com\/bounties-network\/standardbounties-relayer|" values.yaml
sed -i -e "s/tag:.*/tag: 0.0.0-SNAPSHOT-PR-1-2/" values.yaml
echo "  version: 0.0.0-SNAPSHOT-PR-1-2" >> requirements.yaml
** step helm build
WARNING: No $CHART_REPOSITORY defined so using the default value of: http://jenkins-x-chartmuseum:8080
Adding missing Helm repo: storage.googleapis.com https://storage.googleapis.com/chartmuseum.jenkins-x.io
Successfully added Helm repository storage.googleapis.com.
Adding missing Helm repo: jenkins-x-chartmuseum http://jenkins-x-chartmuseum:8080
Successfully added Helm repository jenkins-x-chartmuseum.
WARNING: No $CHART_REPOSITORY defined so using the default value of: http://jenkins-x-chartmuseum:8080
Adding missing Helm repo: chartmuseum.jenkins-x.io http://chartmuseum.jenkins-x.io
Successfully added Helm repository chartmuseum.jenkins-x.io.

Showing logs for build [32mbounties-network-standardbounti-5k72g-2[0m stage [32mfrom-build-pack[0m and container [32mstep-promote-jx-preview[0m
Creating a preview
Commit author email is empty for: c1829ec6005b6e0366489080b71a7713512165d5
Looking for commits in: /workspace/source/
Commit author email is empty for: d6b3da4bc98381136c0d95f65662241575d5abcd
Looking for commits in: /workspace/source/
Found commit author match for: ****** with email address: ericjohn.juta@consensys.net
Created environment bounties-network-standardbounties-relayer-pr-1
Namespace **-bounties-network-standardbounties-relayer-pr-1 created 
expose:
  Annotations:
    helm.sh/hook: post-install,post-upgrade
    helm.sh/hook-delete-policy: hook-succeeded
  config:
    domain: 3.224.240.238.nip.io
    exposer: Ingress
    http: "true"
preview:
  image:
    repository: 802922962628.dkr.ecr.us-east-1.amazonaws.com/bounties-network/standardbounties-relayer
    tag: 0.0.0-SNAPSHOT-PR-1-2
Deleting and cloning the Jenkins X versions repo
Cloning the Jenkins X versions repo https://github.com/jenkins-x/jenkins-x-versions.git with ref refs/heads/master to /builder/home/.**/jenkins-x-versions


Updating PipelineActivities bounties-network-standardbounties-relayer-pr-1-2 which has status Running
WARNING: preview application http://standardbounties-relayer.**-bounties-network-standardbounties-relayer-pr-1.3.224.240.238.nip.io not available, error was 503 503 Service Temporarily Unavailable, delaying for: 1.070673276s
WARNING: preview application http://standardbounties-relayer.**-bounties-network-standardbounties-relayer-pr-1.3.224.240.238.nip.io not available, error was 503 503 Service Temporarily Unavailable, delaying for: 1.195623845s
WARNING: preview application http://standardbounties-relayer.**-bounties-network-standardbounties-relayer-pr-1.3.224.240.238.nip.io not available, error was 503 503 Service Temporarily Unavailable, delaying for: 3.07200378s
WARNING: preview application http://standardbounties-relayer.**-bounties-network-standardbounties-relayer-pr-1.3.224.240.238.nip.io not available, error was 503 503 Service Temporarily Unavailable, delaying for: 1.783022906s
WARNING: preview application http://standardbounties-relayer.**-bounties-network-standardbounties-relayer-pr-1.3.224.240.238.nip.io not available, error was 503 503 Service Temporarily Unavailable, delaying for: 7.468410696s
WARNING: preview application http://standardbounties-relayer.**-bounties-network-standardbounties-relayer-pr-1.3.224.240.238.nip.io not available, error was 503 503 Service Temporarily Unavailable, delaying for: 4.245822445s
WARNING: preview application http://standardbounties-relayer.**-bounties-network-standardbounties-relayer-pr-1.3.224.240.238.nip.io not available, error was 503 503 Service Temporarily Unavailable, delaying for: 7.668923244s
WARNING: preview application http://standardbounties-relayer.**-bounties-network-standardbounties-relayer-pr-1.3.224.240.238.nip.io not available, error was 503 503 Service Temporarily Unavailable, delaying for: 13.301532569s
WARNING: preview application http://standardbounties-relayer.**-bounties-network-standardbounties-relayer-pr-1.3.224.240.238.nip.io not available, error was 503 503 Service Temporarily Unavailable, delaying for: 19.312418843s
WARNING: preview application http://standardbounties-relayer.**-bounties-network-standardbounties-relayer-pr-1.3.224.240.238.nip.io not available, error was 503 503 Service Temporarily Unavailable, delaying for: 33.130697797s
WARNING: preview application http://standardbounties-relayer.**-bounties-network-standardbounties-relayer-pr-1.3.224.240.238.nip.io not available, error was 503 503 Service Temporarily Unavailable, delaying for: 1m20.405923589s
WARNING: preview application http://standardbounties-relayer.**-bounties-network-standardbounties-relayer-pr-1.3.224.240.238.nip.io not available, error was 503 503 Service Temporarily Unavailable, delaying for: 34.457459937s
WARNING: preview application http://standardbounties-relayer.**-bounties-network-standardbounties-relayer-pr-1.3.224.240.238.nip.io not available, error was 503 503 Service Temporarily Unavailable, delaying for: 44.490905313s
WARNING: preview application http://standardbounties-relayer.**-bounties-network-standardbounties-relayer-pr-1.3.224.240.238.nip.io not available, error was 503 503 Service Temporarily Unavailable, delaying for: 1m14.5109376s
error: error checking if preview application http://standardbounties-relayer.**-bounties-network-standardbounties-relayer-pr-1.3.224.240.238.nip.io is available: preview application http://standardbounties-relayer.**-bounties-network-standardbounties-relayer-pr-1.3.224.240.238.nip.io not available, error was 503 503 Service Temporarily Unavailable
[31m
Pipeline failed on stage 'from-build-pack' : container 'step-promote-jx-preview'. The execution of the pipeline has stopped.[0m
