
Showing logs for build [32mbounties-network-standardbounti-mbklt-8[0m stage [32mmeta-pipeline[0m and container [32mstep-credential-initializer-8qfds[0m
{"level":"warn","ts":1569344332.2693822,"logger":"fallback-logger","caller":"logging/config.go:69","msg":"Fetch GitHub commit ID from kodata failed: \"ref: refs/heads/master\" is not a valid GitHub commit ID"}
{"level":"info","ts":1569344332.269739,"logger":"fallback-logger","caller":"creds-init/main.go:40","msg":"Credentials initialized."}

Showing logs for build [32mbounties-network-standardbounti-mbklt-8[0m stage [32mmeta-pipeline[0m and container [32mstep-working-dir-initializer-f7v6j[0m
{"level":"warn","ts":1569344333.2653036,"logger":"fallback-logger","caller":"logging/config.go:69","msg":"Fetch GitHub commit ID from kodata failed: open /var/run/ko/HEAD: no such file or directory"}
{"level":"info","ts":1569344333.2667198,"logger":"fallback-logger","caller":"bash/main.go:65","msg":"Successfully executed command \"mkdir -p /workspace/source\""}

Showing logs for build [32mbounties-network-standardbounti-mbklt-8[0m stage [32mmeta-pipeline[0m and container [32mstep-place-tools[0m

Showing logs for build [32mbounties-network-standardbounti-mbklt-8[0m stage [32mmeta-pipeline[0m and container [32mstep-git-source-meta-bounties-network-standardb-fg22q[0m
{"level":"warn","ts":1569344339.3599303,"logger":"fallback-logger","caller":"logging/config.go:69","msg":"Fetch GitHub commit ID from kodata failed: \"ref: refs/heads/master\" is not a valid GitHub commit ID"}
{"level":"info","ts":1569344339.806547,"logger":"fallback-logger","caller":"git/git.go:102","msg":"Successfully cloned https://github.com/Bounties-Network/standardbounties-relayer.git @ 27bb02d449aa3bde46c7cc5dbe472ea49c92d064 in path /workspace/source"}

Showing logs for build [32mbounties-network-standardbounti-mbklt-8[0m stage [32mmeta-pipeline[0m and container [32mstep-git-merge[0m
Using SHAs from PULL_REFS=master:27bb02d449aa3bde46c7cc5dbe472ea49c92d064,1:be976f9091da9385fc03244f75fd9c789d5dd81e
DEBUG: ran git fetch --unshallow origin be976f9091da9385fc03244f75fd9c789d5dd81e: 27bb02d449aa3bde46c7cc5dbe472ea49c92d064: in 
DEBUG: ran git checkout master in 
DEBUG: ran git reset --hard 27bb02d449aa3bde46c7cc5dbe472ea49c92d064 in 
DEBUG: ran clean --force -d . in 
DEBUG: ran git merge be976f9091da9385fc03244f75fd9c789d5dd81e in 
Merged SHA be976f9091da9385fc03244f75fd9c789d5dd81e with commit message 'Update more mm' into base branch master
Merged SHA 5d0087be0dcb9bcec70c2da026bca65c50a3d811 with commit message 'Change port' into base branch master
Merged SHA 9bed51e007fff028b35c823a14017507de5846a1 with commit message 'and some more' into base branch master
Merged SHA 5a3fff77d508bf22c5f94e797652869fba70661d with commit message 'Fix invalid standard bounties addy' into base branch master
Merged SHA 24e088f0653da3df662ca85a3b146b4a47af2379 with commit message 'Update more env vars' into base branch master
Merged SHA 3f1c8a1ababa52499073cc2cfd28bf24597a4dae with commit message 'Update dockerfile' into base branch master
Merged SHA d6b3da4bc98381136c0d95f65662241575d5abcd with commit message 'Fix requirements.yaml' into base branch master
Merged SHA c1829ec6005b6e0366489080b71a7713512165d5 with commit message 'Add empty env vars' into base branch master

Showing logs for build [32mbounties-network-standardbounti-mbklt-8[0m stage [32mmeta-pipeline[0m and container [32mstep-merge-pull-refs[0m
DEBUG: ran git fetch origin be976f9091da9385fc03244f75fd9c789d5dd81e: 27bb02d449aa3bde46c7cc5dbe472ea49c92d064: in 
DEBUG: Unshallowed git repo in 
DEBUG: ran git checkout master in 
DEBUG: ran git reset --hard 27bb02d449aa3bde46c7cc5dbe472ea49c92d064 in 
DEBUG: ran clean --force -d . in 
DEBUG: ran git merge be976f9091da9385fc03244f75fd9c789d5dd81e in 
Merged SHA be976f9091da9385fc03244f75fd9c789d5dd81e with commit message 'Update more mm' into base branch master
Merged SHA 5d0087be0dcb9bcec70c2da026bca65c50a3d811 with commit message 'Change port' into base branch master
Merged SHA 9bed51e007fff028b35c823a14017507de5846a1 with commit message 'and some more' into base branch master
Merged SHA 5a3fff77d508bf22c5f94e797652869fba70661d with commit message 'Fix invalid standard bounties addy' into base branch master
Merged SHA 24e088f0653da3df662ca85a3b146b4a47af2379 with commit message 'Update more env vars' into base branch master
Merged SHA 3f1c8a1ababa52499073cc2cfd28bf24597a4dae with commit message 'Update dockerfile' into base branch master
Merged SHA d6b3da4bc98381136c0d95f65662241575d5abcd with commit message 'Fix requirements.yaml' into base branch master
Merged SHA c1829ec6005b6e0366489080b71a7713512165d5 with commit message 'Add empty env vars' into base branch master

Showing logs for build [32mbounties-network-standardbounti-mbklt-8[0m stage [32mmeta-pipeline[0m and container [32mstep-create-effective-pipeline[0m
Deleting and cloning the Jenkins X versions repo
Cloning the Jenkins X versions repo https://github.com/jenkins-x/jenkins-x-versions.git with ref refs/heads/master to /builder/home/.**/jenkins-x-versions
Effective pipeline written to jenkins-x-serverless-jenkins-effective.yml

Showing logs for build [32mbounties-network-standardbounti-mbklt-8[0m stage [32mmeta-pipeline[0m and container [32mstep-create-tekton-crds[0m
WARNING: failed to find secret kaniko-secret in namespace **: secrets "kaniko-secret" not found
PipelineActivity for Bounties-Network-standardbounties-relayer-PR-1-8
Applying changes 
upserted PipelineResource bounties-network-standardbounti for the git repository https://github.com/Bounties-Network/standardbounties-relayer.git
upserted Task bounties-network-standardbounti-mbklt-from-build-pack-8
upserted Pipeline bounties-network-standardbounti-mbklt-8
created PipelineRun bounties-network-standardbounti-mbklt-8
created PipelineStructure bounties-network-standardbounti-mbklt-8

Showing logs for build [32mbounties-network-standardbounti-mbklt-8[0m stage [32mfrom-build-pack[0m and container [32mstep-credential-initializer-svtp5[0m
{"level":"warn","ts":1569344347.7163966,"logger":"fallback-logger","caller":"logging/config.go:69","msg":"Fetch GitHub commit ID from kodata failed: \"ref: refs/heads/master\" is not a valid GitHub commit ID"}
{"level":"info","ts":1569344347.7171898,"logger":"fallback-logger","caller":"creds-init/main.go:40","msg":"Credentials initialized."}

Showing logs for build [32mbounties-network-standardbounti-mbklt-8[0m stage [32mfrom-build-pack[0m and container [32mstep-working-dir-initializer-hkpsj[0m
{"level":"warn","ts":1569344348.454884,"logger":"fallback-logger","caller":"logging/config.go:69","msg":"Fetch GitHub commit ID from kodata failed: open /var/run/ko/HEAD: no such file or directory"}
{"level":"info","ts":1569344348.4558837,"logger":"fallback-logger","caller":"bash/main.go:65","msg":"Successfully executed command \"mkdir -p /workspace/source /workspace/source/charts/preview\""}

Showing logs for build [32mbounties-network-standardbounti-mbklt-8[0m stage [32mfrom-build-pack[0m and container [32mstep-place-tools[0m

Showing logs for build [32mbounties-network-standardbounti-mbklt-8[0m stage [32mfrom-build-pack[0m and container [32mstep-git-source-bounties-network-standardbounti-kq4dk[0m
{"level":"warn","ts":1569344355.5097857,"logger":"fallback-logger","caller":"logging/config.go:69","msg":"Fetch GitHub commit ID from kodata failed: \"ref: refs/heads/master\" is not a valid GitHub commit ID"}
{"level":"info","ts":1569344356.055966,"logger":"fallback-logger","caller":"git/git.go:102","msg":"Successfully cloned https://github.com/Bounties-Network/standardbounties-relayer.git @ master in path /workspace/source"}

Showing logs for build [32mbounties-network-standardbounti-mbklt-8[0m stage [32mfrom-build-pack[0m and container [32mstep-git-merge[0m
Using SHAs from PULL_REFS=master:27bb02d449aa3bde46c7cc5dbe472ea49c92d064,1:be976f9091da9385fc03244f75fd9c789d5dd81e
DEBUG: ran git fetch --unshallow origin be976f9091da9385fc03244f75fd9c789d5dd81e: 27bb02d449aa3bde46c7cc5dbe472ea49c92d064: in 
DEBUG: ran git checkout master in 
DEBUG: ran git reset --hard 27bb02d449aa3bde46c7cc5dbe472ea49c92d064 in 
DEBUG: ran clean --force -d . in 
DEBUG: ran git merge be976f9091da9385fc03244f75fd9c789d5dd81e in 
Merged SHA be976f9091da9385fc03244f75fd9c789d5dd81e with commit message 'Update more mm' into base branch master
Merged SHA 5d0087be0dcb9bcec70c2da026bca65c50a3d811 with commit message 'Change port' into base branch master
Merged SHA 9bed51e007fff028b35c823a14017507de5846a1 with commit message 'and some more' into base branch master
Merged SHA 5a3fff77d508bf22c5f94e797652869fba70661d with commit message 'Fix invalid standard bounties addy' into base branch master
Merged SHA 24e088f0653da3df662ca85a3b146b4a47af2379 with commit message 'Update more env vars' into base branch master
Merged SHA 3f1c8a1ababa52499073cc2cfd28bf24597a4dae with commit message 'Update dockerfile' into base branch master
Merged SHA d6b3da4bc98381136c0d95f65662241575d5abcd with commit message 'Fix requirements.yaml' into base branch master
Merged SHA c1829ec6005b6e0366489080b71a7713512165d5 with commit message 'Add empty env vars' into base branch master

Showing logs for build [32mbounties-network-standardbounti-mbklt-8[0m stage [32mfrom-build-pack[0m and container [32mstep-build-npmrc[0m
WARNING: failed to find Secret npm-token in namespace **

Showing logs for build [32mbounties-network-standardbounti-mbklt-8[0m stage [32mfrom-build-pack[0m and container [32mstep-build-npm-install[0m

> scrypt@6.0.3 preinstall /workspace/source/node_modules/scrypt
> node node-scrypt-preinstall.js


> scrypt@6.0.3 install /workspace/source/node_modules/scrypt
> node-gyp rebuild

make: Entering directory `/workspace/source/node_modules/scrypt/build'
  SOLINK_MODULE(target) Release/obj.target/copied_files.node
  COPY Release/copied_files.node
  CC(target) Release/obj.target/scrypt_wrapper/src/util/memlimit.o
  CC(target) Release/obj.target/scrypt_wrapper/src/scryptwrapper/keyderivation.o
  CC(target) Release/obj.target/scrypt_wrapper/src/scryptwrapper/pickparams.o
  CC(target) Release/obj.target/scrypt_wrapper/src/scryptwrapper/hash.o
  AR(target) Release/obj.target/scrypt_wrapper.a
  COPY Release/scrypt_wrapper.a
  CC(target) Release/obj.target/scrypt_lib/scrypt/scrypt-1.2.0/lib/crypto/crypto_scrypt.o
  CC(target) Release/obj.target/scrypt_lib/scrypt/scrypt-1.2.0/lib/crypto/crypto_scrypt_smix.o
  CC(target) Release/obj.target/scrypt_lib/scrypt/scrypt-1.2.0/libcperciva/util/warnp.o
  CC(target) Release/obj.target/scrypt_lib/scrypt/scrypt-1.2.0/libcperciva/alg/sha256.o
  CC(target) Release/obj.target/scrypt_lib/scrypt/scrypt-1.2.0/libcperciva/util/insecure_memzero.o
  CC(target) Release/obj.target/scrypt_lib/scrypt/scrypt-1.2.0/lib/scryptenc/scryptenc_cpuperf.o
  AR(target) Release/obj.target/scrypt_lib.a
  COPY Release/scrypt_lib.a
  CXX(target) Release/obj.target/scrypt/src/node-boilerplate/scrypt_common.o
  CXX(target) Release/obj.target/scrypt/src/node-boilerplate/scrypt_params_async.o
In file included from ../src/node-boilerplate/inc/scrypt_async.h:28:0,
                 from ../src/node-boilerplate/inc/scrypt_params_async.h:28,
                 from ../src/node-boilerplate/scrypt_params_async.cc:4:
../src/node-boilerplate/inc/scrypt_common.h: In constructor ‘NodeScrypt::Params::Params(const v8::Local<v8::Object>&)’:
../src/node-boilerplate/inc/scrypt_common.h:39:63: warning: ‘uint32_t v8::Value::Uint32Value() const’ is deprecated (declared at /builder/home/.node-gyp/11.15.0/include/node/v8.h:2571): Use maybe version [-Wdeprecated-declarations]
       N(obj->Get(Nan::New("N").ToLocalChecked())->Uint32Value()),
                                                               ^
../src/node-boilerplate/inc/scrypt_common.h:40:63: warning: ‘uint32_t v8::Value::Uint32Value() const’ is deprecated (declared at /builder/home/.node-gyp/11.15.0/include/node/v8.h:2571): Use maybe version [-Wdeprecated-declarations]
       r(obj->Get(Nan::New("r").ToLocalChecked())->Uint32Value()),
                                                               ^
../src/node-boilerplate/inc/scrypt_common.h:41:63: warning: ‘uint32_t v8::Value::Uint32Value() const’ is deprecated (declared at /builder/home/.node-gyp/11.15.0/include/node/v8.h:2571): Use maybe version [-Wdeprecated-declarations]
       p(obj->Get(Nan::New("p").ToLocalChecked())->Uint32Value()) {}
                                                               ^
In file included from ../src/node-boilerplate/inc/scrypt_params_async.h:28:0,
                 from ../src/node-boilerplate/scrypt_params_async.cc:4:
../src/node-boilerplate/inc/scrypt_async.h: In member function ‘virtual void ScryptAsyncWorker::HandleErrorCallback()’:
../src/node-boilerplate/inc/scrypt_async.h:53:29: warning: ‘v8::Local<v8::Value> Nan::Callback::Call(int, v8::Local<v8::Value>*) const’ is deprecated (declared at ../../nan/nan.h:1674) [-Wdeprecated-declarations]
       callback->Call(1, argv);
                             ^
In file included from ../src/node-boilerplate/scrypt_params_async.cc:4:0:
../src/node-boilerplate/inc/scrypt_params_async.h: In constructor ‘ScryptParamsAsyncWorker::ScryptParamsAsyncWorker(Nan::NAN_METHOD_ARGS_TYPE)’:
../src/node-boilerplate/inc/scrypt_params_async.h:35:36: warning: ‘double v8::Value::NumberValue() const’ is deprecated (declared at /builder/home/.node-gyp/11.15.0/include/node/v8.h:2569): Use maybe version [-Wdeprecated-declarations]
       maxtime(info[0]->NumberValue()),
                                    ^
../src/node-boilerplate/inc/scrypt_params_async.h:36:39: warning: ‘double v8::Value::NumberValue() const’ is deprecated (declared at /builder/home/.node-gyp/11.15.0/include/node/v8.h:2569): Use maybe version [-Wdeprecated-declarations]
       maxmemfrac(info[1]->NumberValue()),
                                       ^
../src/node-boilerplate/inc/scrypt_params_async.h:37:36: warning: ‘int64_t v8::Value::IntegerValue() const’ is deprecated (declared at /builder/home/.node-gyp/11.15.0/include/node/v8.h:2570): Use maybe version [-Wdeprecated-declarations]
       maxmem(info[2]->IntegerValue()),
                                    ^
../src/node-boilerplate/inc/scrypt_params_async.h:38:39: warning: ‘int64_t v8::Value::IntegerValue() const’ is deprecated (declared at /builder/home/.node-gyp/11.15.0/include/node/v8.h:2570): Use maybe version [-Wdeprecated-declarations]
       osfreemem(info[3]->IntegerValue())
                                       ^
../src/node-boilerplate/scrypt_params_async.cc: In member function ‘virtual void ScryptParamsAsyncWorker::HandleOKCallback()’:
../src/node-boilerplate/scrypt_params_async.cc:32:25: warning: ‘v8::Local<v8::Value> Nan::Callback::Call(int, v8::Local<v8::Value>*) const’ is deprecated (declared at ../../nan/nan.h:1674) [-Wdeprecated-declarations]
   callback->Call(2, argv);
                         ^
  CXX(target) Release/obj.target/scrypt/src/node-boilerplate/scrypt_params_sync.o
In file included from ../src/node-boilerplate/scrypt_params_sync.cc:4:0:
../src/node-boilerplate/inc/scrypt_common.h: In constructor ‘NodeScrypt::Params::Params(const v8::Local<v8::Object>&)’:
../src/node-boilerplate/inc/scrypt_common.h:39:63: warning: ‘uint32_t v8::Value::Uint32Value() const’ is deprecated (declared at /builder/home/.node-gyp/11.15.0/include/node/v8.h:2571): Use maybe version [-Wdeprecated-declarations]
       N(obj->Get(Nan::New("N").ToLocalChecked())->Uint32Value()),
                                                               ^
../src/node-boilerplate/inc/scrypt_common.h:40:63: warning: ‘uint32_t v8::Value::Uint32Value() const’ is deprecated (declared at /builder/home/.node-gyp/11.15.0/include/node/v8.h:2571): Use maybe version [-Wdeprecated-declarations]
       r(obj->Get(Nan::New("r").ToLocalChecked())->Uint32Value()),
                                                               ^
../src/node-boilerplate/inc/scrypt_common.h:41:63: warning: ‘uint32_t v8::Value::Uint32Value() const’ is deprecated (declared at /builder/home/.node-gyp/11.15.0/include/node/v8.h:2571): Use maybe version [-Wdeprecated-declarations]
       p(obj->Get(Nan::New("p").ToLocalChecked())->Uint32Value()) {}
                                                               ^
../src/node-boilerplate/scrypt_params_sync.cc: In function ‘Nan::NAN_METHOD_RETURN_TYPE paramsSync(Nan::NAN_METHOD_ARGS_TYPE)’:
../src/node-boilerplate/scrypt_params_sync.cc:25:47: warning: ‘double v8::Value::NumberValue() const’ is deprecated (declared at /builder/home/.node-gyp/11.15.0/include/node/v8.h:2569): Use maybe version [-Wdeprecated-declarations]
   const double maxtime = info[0]->NumberValue();
                                               ^
../src/node-boilerplate/scrypt_params_sync.cc:26:47: warning: ‘int64_t v8::Value::IntegerValue() const’ is deprecated (declared at /builder/home/.node-gyp/11.15.0/include/node/v8.h:2570): Use maybe version [-Wdeprecated-declarations]
   const size_t maxmem = info[2]->IntegerValue();
                                               ^
../src/node-boilerplate/scrypt_params_sync.cc:27:50: warning: ‘double v8::Value::NumberValue() const’ is deprecated (declared at /builder/home/.node-gyp/11.15.0/include/node/v8.h:2569): Use maybe version [-Wdeprecated-declarations]
   const double maxmemfrac = info[1]->NumberValue();
                                                  ^
../src/node-boilerplate/scrypt_params_sync.cc:28:50: warning: ‘int64_t v8::Value::IntegerValue() const’ is deprecated (declared at /builder/home/.node-gyp/11.15.0/include/node/v8.h:2570): Use maybe version [-Wdeprecated-declarations]
   const size_t osfreemem = info[3]->IntegerValue();
                                                  ^
  CXX(target) Release/obj.target/scrypt/src/node-boilerplate/scrypt_kdf_async.o
In file included from ../src/node-boilerplate/inc/scrypt_async.h:28:0,
                 from ../src/node-boilerplate/inc/scrypt_kdf_async.h:28,
                 from ../src/node-boilerplate/scrypt_kdf_async.cc:4:
../src/node-boilerplate/inc/scrypt_common.h: In constructor ‘NodeScrypt::Params::Params(const v8::Local<v8::Object>&)’:
../src/node-boilerplate/inc/scrypt_common.h:39:63: warning: ‘uint32_t v8::Value::Uint32Value() const’ is deprecated (declared at /builder/home/.node-gyp/11.15.0/include/node/v8.h:2571): Use maybe version [-Wdeprecated-declarations]
       N(obj->Get(Nan::New("N").ToLocalChecked())->Uint32Value()),
                                                               ^
../src/node-boilerplate/inc/scrypt_common.h:40:63: warning: ‘uint32_t v8::Value::Uint32Value() const’ is deprecated (declared at /builder/home/.node-gyp/11.15.0/include/node/v8.h:2571): Use maybe version [-Wdeprecated-declarations]
       r(obj->Get(Nan::New("r").ToLocalChecked())->Uint32Value()),
                                                               ^
../src/node-boilerplate/inc/scrypt_common.h:41:63: warning: ‘uint32_t v8::Value::Uint32Value() const’ is deprecated (declared at /builder/home/.node-gyp/11.15.0/include/node/v8.h:2571): Use maybe version [-Wdeprecated-declarations]
       p(obj->Get(Nan::New("p").ToLocalChecked())->Uint32Value()) {}
                                                               ^
In file included from ../src/node-boilerplate/inc/scrypt_kdf_async.h:28:0,
                 from ../src/node-boilerplate/scrypt_kdf_async.cc:4:
../src/node-boilerplate/inc/scrypt_async.h: In member function ‘virtual void ScryptAsyncWorker::HandleErrorCallback()’:
../src/node-boilerplate/inc/scrypt_async.h:53:29: warning: ‘v8::Local<v8::Value> Nan::Callback::Call(int, v8::Local<v8::Value>*) const’ is deprecated (declared at ../../nan/nan.h:1674) [-Wdeprecated-declarations]
       callback->Call(1, argv);
                             ^
In file included from ../src/node-boilerplate/scrypt_kdf_async.cc:4:0:
../src/node-boilerplate/inc/scrypt_kdf_async.h: In constructor ‘ScryptKDFAsyncWorker::ScryptKDFAsyncWorker(Nan::NAN_METHOD_ARGS_TYPE)’:
../src/node-boilerplate/inc/scrypt_kdf_async.h:36:32: warning: ‘v8::Local<v8::Object> v8::Value::ToObject() const’ is deprecated (declared at /builder/home/.node-gyp/11.15.0/include/node/v8.h:10257): Use maybe version [-Wdeprecated-declarations]
       params(args[1]->ToObject()),
                                ^
../src/node-boilerplate/scrypt_kdf_async.cc: In member function ‘virtual void ScryptKDFAsyncWorker::HandleOKCallback()’:
../src/node-boilerplate/scrypt_kdf_async.cc:25:62: warning: ‘v8::Local<v8::Object> v8::Value::ToObject() const’ is deprecated (declared at /builder/home/.node-gyp/11.15.0/include/node/v8.h:10257): Use maybe version [-Wdeprecated-declarations]
         GetFromPersistent("ScryptPeristentObject")->ToObject()->Get(Nan::New("KDFResult").ToLocalChecked())
                                                              ^
../src/node-boilerplate/scrypt_kdf_async.cc:28:27: warning: ‘v8::Local<v8::Value> Nan::Callback::Call(int, v8::Local<v8::Value>*) const’ is deprecated (declared at ../../nan/nan.h:1674) [-Wdeprecated-declarations]
     callback->Call(2, argv);
                           ^
  CXX(target) Release/obj.target/scrypt/src/node-boilerplate/scrypt_kdf_sync.o
In file included from ../src/node-boilerplate/scrypt_kdf_sync.cc:4:0:
../src/node-boilerplate/inc/scrypt_common.h: In constructor ‘NodeScrypt::Params::Params(const v8::Local<v8::Object>&)’:
../src/node-boilerplate/inc/scrypt_common.h:39:63: warning: ‘uint32_t v8::Value::Uint32Value() const’ is deprecated (declared at /builder/home/.node-gyp/11.15.0/include/node/v8.h:2571): Use maybe version [-Wdeprecated-declarations]
       N(obj->Get(Nan::New("N").ToLocalChecked())->Uint32Value()),
                                                               ^
../src/node-boilerplate/inc/scrypt_common.h:40:63: warning: ‘uint32_t v8::Value::Uint32Value() const’ is deprecated (declared at /builder/home/.node-gyp/11.15.0/include/node/v8.h:2571): Use maybe version [-Wdeprecated-declarations]
       r(obj->Get(Nan::New("r").ToLocalChecked())->Uint32Value()),
                                                               ^
../src/node-boilerplate/inc/scrypt_common.h:41:63: warning: ‘uint32_t v8::Value::Uint32Value() const’ is deprecated (declared at /builder/home/.node-gyp/11.15.0/include/node/v8.h:2571): Use maybe version [-Wdeprecated-declarations]
       p(obj->Get(Nan::New("p").ToLocalChecked())->Uint32Value()) {}
                                                               ^
../src/node-boilerplate/scrypt_kdf_sync.cc: In function ‘Nan::NAN_METHOD_RETURN_TYPE kdfSync(Nan::NAN_METHOD_ARGS_TYPE)’:
../src/node-boilerplate/scrypt_kdf_sync.cc:29:57: warning: ‘v8::Local<v8::Object> v8::Value::ToObject() const’ is deprecated (declared at /builder/home/.node-gyp/11.15.0/include/node/v8.h:10257): Use maybe version [-Wdeprecated-declarations]
     const NodeScrypt::Params params = info[1]->ToObject();
                                                         ^
  CXX(target) Release/obj.target/scrypt/src/node-boilerplate/scrypt_kdf-verify_sync.o
In file included from ../src/node-boilerplate/scrypt_kdf-verify_sync.cc:4:0:
../src/node-boilerplate/inc/scrypt_common.h: In constructor ‘NodeScrypt::Params::Params(const v8::Local<v8::Object>&)’:
../src/node-boilerplate/inc/scrypt_common.h:39:63: warning: ‘uint32_t v8::Value::Uint32Value() const’ is deprecated (declared at /builder/home/.node-gyp/11.15.0/include/node/v8.h:2571): Use maybe version [-Wdeprecated-declarations]
       N(obj->Get(Nan::New("N").ToLocalChecked())->Uint32Value()),
                                                               ^
../src/node-boilerplate/inc/scrypt_common.h:40:63: warning: ‘uint32_t v8::Value::Uint32Value() const’ is deprecated (declared at /builder/home/.node-gyp/11.15.0/include/node/v8.h:2571): Use maybe version [-Wdeprecated-declarations]
       r(obj->Get(Nan::New("r").ToLocalChecked())->Uint32Value()),
                                                               ^
../src/node-boilerplate/inc/scrypt_common.h:41:63: warning: ‘uint32_t v8::Value::Uint32Value() const’ is deprecated (declared at /builder/home/.node-gyp/11.15.0/include/node/v8.h:2571): Use maybe version [-Wdeprecated-declarations]
       p(obj->Get(Nan::New("p").ToLocalChecked())->Uint32Value()) {}
                                                               ^
  CXX(target) Release/obj.target/scrypt/src/node-boilerplate/scrypt_kdf-verify_async.o
In file included from ../src/node-boilerplate/inc/scrypt_async.h:28:0,
                 from ../src/node-boilerplate/inc/scrypt_kdf-verify_async.h:28,
                 from ../src/node-boilerplate/scrypt_kdf-verify_async.cc:4:
../src/node-boilerplate/inc/scrypt_common.h: In constructor ‘NodeScrypt::Params::Params(const v8::Local<v8::Object>&)’:
../src/node-boilerplate/inc/scrypt_common.h:39:63: warning: ‘uint32_t v8::Value::Uint32Value() const’ is deprecated (declared at /builder/home/.node-gyp/11.15.0/include/node/v8.h:2571): Use maybe version [-Wdeprecated-declarations]
       N(obj->Get(Nan::New("N").ToLocalChecked())->Uint32Value()),
                                                               ^
../src/node-boilerplate/inc/scrypt_common.h:40:63: warning: ‘uint32_t v8::Value::Uint32Value() const’ is deprecated (declared at /builder/home/.node-gyp/11.15.0/include/node/v8.h:2571): Use maybe version [-Wdeprecated-declarations]
       r(obj->Get(Nan::New("r").ToLocalChecked())->Uint32Value()),
                                                               ^
../src/node-boilerplate/inc/scrypt_common.h:41:63: warning: ‘uint32_t v8::Value::Uint32Value() const’ is deprecated (declared at /builder/home/.node-gyp/11.15.0/include/node/v8.h:2571): Use maybe version [-Wdeprecated-declarations]
       p(obj->Get(Nan::New("p").ToLocalChecked())->Uint32Value()) {}
                                                               ^
In file included from ../src/node-boilerplate/inc/scrypt_kdf-verify_async.h:28:0,
                 from ../src/node-boilerplate/scrypt_kdf-verify_async.cc:4:
../src/node-boilerplate/inc/scrypt_async.h: In member function ‘virtual void ScryptAsyncWorker::HandleErrorCallback()’:
../src/node-boilerplate/inc/scrypt_async.h:53:29: warning: ‘v8::Local<v8::Value> Nan::Callback::Call(int, v8::Local<v8::Value>*) const’ is deprecated (declared at ../../nan/nan.h:1674) [-Wdeprecated-declarations]
       callback->Call(1, argv);
                             ^
../src/node-boilerplate/scrypt_kdf-verify_async.cc: In member function ‘virtual void ScryptKDFVerifyAsyncWorker::HandleOKCallback()’:
../src/node-boilerplate/scrypt_kdf-verify_async.cc:30:25: warning: ‘v8::Local<v8::Value> Nan::Callback::Call(int, v8::Local<v8::Value>*) const’ is deprecated (declared at ../../nan/nan.h:1674) [-Wdeprecated-declarations]
   callback->Call(2, argv);
                         ^
  CXX(target) Release/obj.target/scrypt/src/node-boilerplate/scrypt_hash_sync.o
In file included from ../src/node-boilerplate/scrypt_hash_sync.cc:4:0:
../src/node-boilerplate/inc/scrypt_common.h: In constructor ‘NodeScrypt::Params::Params(const v8::Local<v8::Object>&)’:
../src/node-boilerplate/inc/scrypt_common.h:39:63: warning: ‘uint32_t v8::Value::Uint32Value() const’ is deprecated (declared at /builder/home/.node-gyp/11.15.0/include/node/v8.h:2571): Use maybe version [-Wdeprecated-declarations]
       N(obj->Get(Nan::New("N").ToLocalChecked())->Uint32Value()),
                                                               ^
../src/node-boilerplate/inc/scrypt_common.h:40:63: warning: ‘uint32_t v8::Value::Uint32Value() const’ is deprecated (declared at /builder/home/.node-gyp/11.15.0/include/node/v8.h:2571): Use maybe version [-Wdeprecated-declarations]
       r(obj->Get(Nan::New("r").ToLocalChecked())->Uint32Value()),
                                                               ^
../src/node-boilerplate/inc/scrypt_common.h:41:63: warning: ‘uint32_t v8::Value::Uint32Value() const’ is deprecated (declared at /builder/home/.node-gyp/11.15.0/include/node/v8.h:2571): Use maybe version [-Wdeprecated-declarations]
       p(obj->Get(Nan::New("p").ToLocalChecked())->Uint32Value()) {}
                                                               ^
../src/node-boilerplate/scrypt_hash_sync.cc: In function ‘Nan::NAN_METHOD_RETURN_TYPE hashSync(Nan::NAN_METHOD_ARGS_TYPE)’:
../src/node-boilerplate/scrypt_hash_sync.cc:24:55: warning: ‘v8::Local<v8::Object> v8::Value::ToObject() const’ is deprecated (declared at /builder/home/.node-gyp/11.15.0/include/node/v8.h:10257): Use maybe version [-Wdeprecated-declarations]
   const NodeScrypt::Params params = info[1]->ToObject();
                                                       ^
../src/node-boilerplate/scrypt_hash_sync.cc:25:50: warning: ‘int64_t v8::Value::IntegerValue() const’ is deprecated (declared at /builder/home/.node-gyp/11.15.0/include/node/v8.h:2570): Use maybe version [-Wdeprecated-declarations]
   const size_t hash_size = info[2]->IntegerValue();
                                                  ^
  CXX(target) Release/obj.target/scrypt/src/node-boilerplate/scrypt_hash_async.o
In file included from ../src/node-boilerplate/inc/scrypt_async.h:28:0,
                 from ../src/node-boilerplate/inc/scrypt_hash_async.h:28,
                 from ../src/node-boilerplate/scrypt_hash_async.cc:28:
../src/node-boilerplate/inc/scrypt_common.h: In constructor ‘NodeScrypt::Params::Params(const v8::Local<v8::Object>&)’:
../src/node-boilerplate/inc/scrypt_common.h:39:63: warning: ‘uint32_t v8::Value::Uint32Value() const’ is deprecated (declared at /builder/home/.node-gyp/11.15.0/include/node/v8.h:2571): Use maybe version [-Wdeprecated-declarations]
       N(obj->Get(Nan::New("N").ToLocalChecked())->Uint32Value()),
                                                               ^
../src/node-boilerplate/inc/scrypt_common.h:40:63: warning: ‘uint32_t v8::Value::Uint32Value() const’ is deprecated (declared at /builder/home/.node-gyp/11.15.0/include/node/v8.h:2571): Use maybe version [-Wdeprecated-declarations]
       r(obj->Get(Nan::New("r").ToLocalChecked())->Uint32Value()),
                                                               ^
../src/node-boilerplate/inc/scrypt_common.h:41:63: warning: ‘uint32_t v8::Value::Uint32Value() const’ is deprecated (declared at /builder/home/.node-gyp/11.15.0/include/node/v8.h:2571): Use maybe version [-Wdeprecated-declarations]
       p(obj->Get(Nan::New("p").ToLocalChecked())->Uint32Value()) {}
                                                               ^
In file included from ../src/node-boilerplate/inc/scrypt_hash_async.h:28:0,
                 from ../src/node-boilerplate/scrypt_hash_async.cc:28:
../src/node-boilerplate/inc/scrypt_async.h: In member function ‘virtual void ScryptAsyncWorker::HandleErrorCallback()’:
../src/node-boilerplate/inc/scrypt_async.h:53:29: warning: ‘v8::Local<v8::Value> Nan::Callback::Call(int, v8::Local<v8::Value>*) const’ is deprecated (declared at ../../nan/nan.h:1674) [-Wdeprecated-declarations]
       callback->Call(1, argv);
                             ^
In file included from ../src/node-boilerplate/scrypt_hash_async.cc:28:0:
../src/node-boilerplate/inc/scrypt_hash_async.h: In constructor ‘ScryptHashAsyncWorker::ScryptHashAsyncWorker(Nan::NAN_METHOD_ARGS_TYPE)’:
../src/node-boilerplate/inc/scrypt_hash_async.h:36:32: warning: ‘v8::Local<v8::Object> v8::Value::ToObject() const’ is deprecated (declared at /builder/home/.node-gyp/11.15.0/include/node/v8.h:10257): Use maybe version [-Wdeprecated-declarations]
       params(info[1]->ToObject()),
                                ^
../src/node-boilerplate/inc/scrypt_hash_async.h:37:39: warning: ‘int64_t v8::Value::IntegerValue() const’ is deprecated (declared at /builder/home/.node-gyp/11.15.0/include/node/v8.h:2570): Use maybe version [-Wdeprecated-declarations]
       hash_size(info[2]->IntegerValue()),
                                       ^
../src/node-boilerplate/scrypt_hash_async.cc: In member function ‘virtual void ScryptHashAsyncWorker::HandleOKCallback()’:
../src/node-boilerplate/scrypt_hash_async.cc:49:58: warning: ‘v8::Local<v8::Object> v8::Value::ToObject() const’ is deprecated (declared at /builder/home/.node-gyp/11.15.0/include/node/v8.h:10257): Use maybe version [-Wdeprecated-declarations]
     GetFromPersistent("ScryptPeristentObject")->ToObject()->Get(Nan::New("HashBuffer").ToLocalChecked())
                                                          ^
../src/node-boilerplate/scrypt_hash_async.cc:52:25: warning: ‘v8::Local<v8::Value> Nan::Callback::Call(int, v8::Local<v8::Value>*) const’ is deprecated (declared at ../../nan/nan.h:1674) [-Wdeprecated-declarations]
   callback->Call(2, argv);
                         ^
  CXX(target) Release/obj.target/scrypt/scrypt_node.o
  SOLINK_MODULE(target) Release/obj.target/scrypt.node
  COPY Release/scrypt.node
make: Leaving directory `/workspace/source/node_modules/scrypt/build'

> sha3@1.2.3 install /workspace/source/node_modules/sha3
> node-gyp rebuild

make: Entering directory `/workspace/source/node_modules/sha3/build'
  CXX(target) Release/obj.target/sha3/src/addon.o
  CXX(target) Release/obj.target/sha3/src/displayIntermediateValues.o
  CXX(target) Release/obj.target/sha3/src/KeccakF-1600-reference.o
  CXX(target) Release/obj.target/sha3/src/KeccakNISTInterface.o
  CXX(target) Release/obj.target/sha3/src/KeccakSponge.o
  SOLINK_MODULE(target) Release/obj.target/sha3.node
  COPY Release/sha3.node
make: Leaving directory `/workspace/source/node_modules/sha3/build'

> websocket@git://github.com/frozeman/WebSocket-Node.git#6c72925e3f8aaaea8dc8450f97627e85263999f2 install /workspace/source/node_modules/web3-providers-ws/node_modules/websocket
> (node-gyp rebuild 2> builderror.log) || (exit 0)

make: Entering directory `/workspace/source/node_modules/web3-providers-ws/node_modules/websocket/build'
  CXX(target) Release/obj.target/bufferutil/src/bufferutil.o
  SOLINK_MODULE(target) Release/obj.target/bufferutil.node
  COPY Release/bufferutil.node
  CXX(target) Release/obj.target/validation/src/validation.o
  SOLINK_MODULE(target) Release/obj.target/validation.node
  COPY Release/validation.node
make: Leaving directory `/workspace/source/node_modules/web3-providers-ws/node_modules/websocket/build'

> websocket@github:web3-js/WebSocket-Node#905deb4812572b344f5801f8c9ce8bb02799d82e install /workspace/source/node_modules/web3/node_modules/websocket
> (node-gyp rebuild 2> builderror.log) || (exit 0)

make: Entering directory `/workspace/source/node_modules/web3/node_modules/websocket/build'
  CXX(target) Release/obj.target/bufferutil/src/bufferutil.o
  SOLINK_MODULE(target) Release/obj.target/bufferutil.node
  COPY Release/bufferutil.node
  CXX(target) Release/obj.target/validation/src/validation.o
  SOLINK_MODULE(target) Release/obj.target/validation.node
  COPY Release/validation.node
make: Leaving directory `/workspace/source/node_modules/web3/node_modules/websocket/build'

> websocket@1.0.28 install /workspace/source/node_modules/websocket
> (node-gyp rebuild 2> builderror.log) || (exit 0)

make: Entering directory `/workspace/source/node_modules/websocket/build'
  CXX(target) Release/obj.target/bufferutil/src/bufferutil.o
  SOLINK_MODULE(target) Release/obj.target/bufferutil.node
  COPY Release/bufferutil.node
  CXX(target) Release/obj.target/validation/src/validation.o
  SOLINK_MODULE(target) Release/obj.target/validation.node
  COPY Release/validation.node
make: Leaving directory `/workspace/source/node_modules/websocket/build'
npm WARN standardbounties-relayer@1.0.0 No repository field.

added 440 packages from 249 contributors and audited 139948 packages in 27.604s
found 1 low severity vulnerability
  run `npm audit fix` to fix them, or `npm audit` for details

Showing logs for build [32mbounties-network-standardbounti-mbklt-8[0m stage [32mfrom-build-pack[0m and container [32mstep-build-npm-test[0m

> standardbounties-relayer@1.0.0 test /workspace/source
> echo 'Error: no test specified'

Error: no test specified

Showing logs for build [32mbounties-network-standardbounti-mbklt-8[0m stage [32mfrom-build-pack[0m and container [32mstep-build-container-build[0m
[36mINFO[0m[0000] Downloading base image node:10.6.0           
[36mINFO[0m[0000] Error while retrieving image from cache: getting file info: stat /workspace/sha256:91aabb2c118b03a5d8fd22efd07530a64309dcd41a8a11b83237edd8de3d00c2: no such file or directory 
[36mINFO[0m[0000] Downloading base image node:10.6.0           
[36mINFO[0m[0000] Executing 0 build triggers                   
[36mINFO[0m[0000] cmd: EXPOSE                                  
[36mINFO[0m[0000] Adding exposed port: 3000/tcp                
[36mINFO[0m[0000] Using files from context: [/workspace/source] 
[36mINFO[0m[0000] Skipping unpacking as no commands require it. 
[36mINFO[0m[0000] Taking snapshot of full filesystem...        
[36mINFO[0m[0000] ENV PORT 3000                                
[36mINFO[0m[0000] No files changed in this command, skipping snapshotting. 
[36mINFO[0m[0000] EXPOSE 3000                                  
[36mINFO[0m[0000] cmd: EXPOSE                                  
[36mINFO[0m[0000] Adding exposed port: 3000/tcp                
[36mINFO[0m[0000] No files changed in this command, skipping snapshotting. 
[36mINFO[0m[0000] WORKDIR /usr/src/app                         
[36mINFO[0m[0000] cmd: workdir                                 
[36mINFO[0m[0000] Changed working directory to /usr/src/app    
[36mINFO[0m[0000] Creating directory /usr/src/app              
[36mINFO[0m[0000] Taking snapshot of files...                  
[36mINFO[0m[0000] Using files from context: [/workspace/source] 
[36mINFO[0m[0001] COPY . .                                     
[36mINFO[0m[0003] Taking snapshot of files...                  
[36mINFO[0m[0005] CMD ["npm", "start"]                         
[36mINFO[0m[0005] No files changed in this command, skipping snapshotting. 
2019/09/24 16:59:54 existing blob: sha256:80d986fe44e314470aff929c36b0a1411b3e839ef980e6a6a5bd7dc820e8387b
2019/09/24 16:59:54 existing blob: sha256:f3088daa88870f9bb1387127be4748c4ed81b0f11dde25098ff960c16ee3d5fd
2019/09/24 16:59:54 existing blob: sha256:eda527043444611a95f94d07d2023737ce43a475d24d15e8f30aa1af76ababfa
2019/09/24 16:59:54 existing blob: sha256:d05590b5f646c9efed1e71d28b4584b64a7019cf755230c615522e44f77d0a5c
2019/09/24 16:59:54 existing blob: sha256:46dde23c37b3419122bb597461c1a48bdea1842aaae7dbe728dfa20a9aabe11b
2019/09/24 16:59:54 existing blob: sha256:d660b1f15b9bfb8142f50b518156f2d364d9642fe05854538b060498e2f7928d
2019/09/24 16:59:54 existing blob: sha256:6ebaeb0745895220f609d4aa703e4563c39de239a2d00b85bece23a3ca3ac735
2019/09/24 16:59:54 existing blob: sha256:e7428f935583e84197ae834885e62b69922f1ce7e8672a3746295555b3853fc7
2019/09/24 16:59:54 pushed blob: sha256:59125439063a0a48f75e3910934b0ef2c9886a08457e2da2b2753e64c33640ff
2019/09/24 16:59:54 pushed blob: sha256:9746105b64ddaf59d131511b28792bd4021eabb2c7c1d07e583313f0c58a5d81
2019/09/24 17:00:05 pushed blob: sha256:daa6bba6c911de9bdf8a5f490e576325de1c462138ef0f6ce1c3b5317bc5f2e0
2019/09/24 17:00:05 802922962628.dkr.ecr.us-east-1.amazonaws.com/bounties-network/standardbounties-relayer:0.0.0-SNAPSHOT-PR-1-8: digest: sha256:9676c2f52ba0cb0d16fdd05454746c4f49ff3bc2de028b144bae11cedc40de17 size: 1903

Showing logs for build [32mbounties-network-standardbounti-mbklt-8[0m stage [32mfrom-build-pack[0m and container [32mstep-postbuild-post-build[0m
no CVE provider running in the current ** namespace so skip adding image to be analysed

Showing logs for build [32mbounties-network-standardbounti-mbklt-8[0m stage [32mfrom-build-pack[0m and container [32mstep-promote-make-preview[0m
sed -i -e "s/version:.*/version: 0.0.0-SNAPSHOT-PR-1-8/" Chart.yaml
sed -i -e "s/version:.*/version: 0.0.0-SNAPSHOT-PR-1-8/" ../*/Chart.yaml
sed -i -e "s|repository:.*|repository: 802922962628.dkr.ecr.us-east-1.amazonaws.com\/bounties-network\/standardbounties-relayer|" values.yaml
sed -i -e "s/tag:.*/tag: 0.0.0-SNAPSHOT-PR-1-8/" values.yaml
echo "  version: 0.0.0-SNAPSHOT-PR-1-8" >> requirements.yaml
** step helm build
WARNING: No $CHART_REPOSITORY defined so using the default value of: http://jenkins-x-chartmuseum:8080
Adding missing Helm repo: storage.googleapis.com https://storage.googleapis.com/chartmuseum.jenkins-x.io
Successfully added Helm repository storage.googleapis.com.
Adding missing Helm repo: jenkins-x-chartmuseum http://jenkins-x-chartmuseum:8080
Successfully added Helm repository jenkins-x-chartmuseum.
WARNING: No $CHART_REPOSITORY defined so using the default value of: http://jenkins-x-chartmuseum:8080
Adding missing Helm repo: chartmuseum.jenkins-x.io http://chartmuseum.jenkins-x.io
Successfully added Helm repository chartmuseum.jenkins-x.io.

Showing logs for build [32mbounties-network-standardbounti-mbklt-8[0m stage [32mfrom-build-pack[0m and container [32mstep-promote-jx-preview[0m
Creating a preview
Commit author email is empty for: c1829ec6005b6e0366489080b71a7713512165d5
Looking for commits in: /workspace/source/
Commit author email is empty for: d6b3da4bc98381136c0d95f65662241575d5abcd
Looking for commits in: /workspace/source/
Commit author email is empty for: 3f1c8a1ababa52499073cc2cfd28bf24597a4dae
Looking for commits in: /workspace/source/
Commit author email is empty for: 24e088f0653da3df662ca85a3b146b4a47af2379
Looking for commits in: /workspace/source/
Commit author email is empty for: 5a3fff77d508bf22c5f94e797652869fba70661d
Looking for commits in: /workspace/source/
Commit author email is empty for: 9bed51e007fff028b35c823a14017507de5846a1
Looking for commits in: /workspace/source/
Commit author email is empty for: 5d0087be0dcb9bcec70c2da026bca65c50a3d811
Looking for commits in: /workspace/source/
Commit author email is empty for: be976f9091da9385fc03244f75fd9c789d5dd81e
Looking for commits in: /workspace/source/
Found commit author match for: ****** with email address: ericjohn.juta@consensys.net
expose:
  Annotations:
    helm.sh/hook: post-install,post-upgrade
    helm.sh/hook-delete-policy: hook-succeeded
  config:
    domain: 3.224.240.238.nip.io
    exposer: Ingress
    http: "true"
preview:
  image:
    repository: 802922962628.dkr.ecr.us-east-1.amazonaws.com/bounties-network/standardbounties-relayer
    tag: 0.0.0-SNAPSHOT-PR-1-8
Deleting and cloning the Jenkins X versions repo
Cloning the Jenkins X versions repo https://github.com/jenkins-x/jenkins-x-versions.git with ref refs/heads/master to /builder/home/.**/jenkins-x-versions


Updating PipelineActivities bounties-network-standardbounties-relayer-pr-1-8 which has status Running
WARNING: preview application http://standardbounties-relayer.**-bounties-network-standardbounties-relayer-pr-1.3.224.240.238.nip.io not available, error was 503 503 Service Temporarily Unavailable, delaying for: 658.328277ms
WARNING: preview application http://standardbounties-relayer.**-bounties-network-standardbounties-relayer-pr-1.3.224.240.238.nip.io not available, error was 503 503 Service Temporarily Unavailable, delaying for: 869.180435ms
WARNING: preview application http://standardbounties-relayer.**-bounties-network-standardbounties-relayer-pr-1.3.224.240.238.nip.io not available, error was 503 503 Service Temporarily Unavailable, delaying for: 2.682055322s
WARNING: preview application http://standardbounties-relayer.**-bounties-network-standardbounties-relayer-pr-1.3.224.240.238.nip.io not available, error was 503 503 Service Temporarily Unavailable, delaying for: 3.513712011s
WARNING: preview application http://standardbounties-relayer.**-bounties-network-standardbounties-relayer-pr-1.3.224.240.238.nip.io not available, error was 503 503 Service Temporarily Unavailable, delaying for: 4.67345802s
WARNING: preview application http://standardbounties-relayer.**-bounties-network-standardbounties-relayer-pr-1.3.224.240.238.nip.io not available, error was 503 503 Service Temporarily Unavailable, delaying for: 5.938927555s
WARNING: preview application http://standardbounties-relayer.**-bounties-network-standardbounties-relayer-pr-1.3.224.240.238.nip.io not available, error was 503 503 Service Temporarily Unavailable, delaying for: 15.725249008s
WARNING: preview application http://standardbounties-relayer.**-bounties-network-standardbounties-relayer-pr-1.3.224.240.238.nip.io not available, error was 503 503 Service Temporarily Unavailable, delaying for: 10.208072269s
WARNING: preview application http://standardbounties-relayer.**-bounties-network-standardbounties-relayer-pr-1.3.224.240.238.nip.io not available, error was 503 503 Service Temporarily Unavailable, delaying for: 18.511487754s
WARNING: preview application http://standardbounties-relayer.**-bounties-network-standardbounties-relayer-pr-1.3.224.240.238.nip.io not available, error was 503 503 Service Temporarily Unavailable, delaying for: 31.197648967s
WARNING: preview application http://standardbounties-relayer.**-bounties-network-standardbounties-relayer-pr-1.3.224.240.238.nip.io not available, error was 503 503 Service Temporarily Unavailable, delaying for: 1m15.025389857s
WARNING: preview application http://standardbounties-relayer.**-bounties-network-standardbounties-relayer-pr-1.3.224.240.238.nip.io not available, error was 503 503 Service Temporarily Unavailable, delaying for: 55.701424908s
WARNING: preview application http://standardbounties-relayer.**-bounties-network-standardbounties-relayer-pr-1.3.224.240.238.nip.io not available, error was 503 503 Service Temporarily Unavailable, delaying for: 1m28.735761335s
error: error checking if preview application http://standardbounties-relayer.**-bounties-network-standardbounties-relayer-pr-1.3.224.240.238.nip.io is available: preview application http://standardbounties-relayer.**-bounties-network-standardbounties-relayer-pr-1.3.224.240.238.nip.io not available, error was 503 503 Service Temporarily Unavailable
[31m
Pipeline failed on stage 'from-build-pack' : container 'step-promote-jx-preview'. The execution of the pipeline has stopped.[0m
